<?xml version="1.0" encoding="UTF-8"?>
<!-- Generated by org.testng.reporters.JUnitXMLReporter -->
<testsuite ignored="0" hostname="Bharath" failures="0" tests="3" name="Test" time="4.888" errors="0" timestamp="2024-05-01T10:30:29 IST">
  <testcase classname="com.application.tests.ApiTest" name="verifyCreateRepoRequest" time="2.954"/>
  <testcase classname="com.application.tests.ApiTest" name="verifyGetRepoRequest" time="0.896"/>
  <testcase classname="com.application.tests.ApiTest" name="verifyDeleteRepoRequest" time="0.759"/>
</testsuite> <!-- Test -->
